<?xml version="1.0" encoding="UTF-8"?>
<testsuite name="Project.SCENARIOS" tests="1" failures="0" errors="0" time="9.31"><properties>
[...]
</properties><testcase name="datarequestloop" time="9.31"><properties><property name="firstname" value="&quot;Steph&quot;"/><property name="password" value="&quot;Password133&quot;"/><property name="PROPERTY" value="F"/><property name="Next" value="0"/><property name="FileName" value="users.xls"/><property name="StopLoop" value="T"/><property name="Count" value="1"/><property name="id" value="&quot;795&quot;"/><property name="username" value="&quot;user21&quot;"/><property name="lastname" value="&quot;Curry&quot;"/></properties></testcase></testsuite>